<?xml version="1.0" encoding="UTF-8"?>
<!-- Generated by org.testng.reporters.JUnitReportReporter -->
<testsuite hostname="Bhavani" failures="0" tests="3" name="com.multiorganisationtest.MultipleOrganisationTest" time="25.541" errors="0" timestamp="2024-08-14T15:57:15 IST" skipped="0">
  <testcase classname="com.multiorganisationtest.MultipleOrganisationTest" name="organisationWithIndustry" time="9.333"/>
  <system-out/>
  <testcase classname="com.multiorganisationtest.MultipleOrganisationTest" name="organisationTestExecution" time="8.460"/>
  <system-out/>
  <testcase classname="com.multiorganisationtest.MultipleOrganisationTest" name="createOrganisationWithPhNum" time="7.748"/>
  <system-out/>
</testsuite> <!-- com.multiorganisationtest.MultipleOrganisationTest -->
