<?xml version="1.0" encoding="UTF-8"?>
<!-- Generated by org.testng.reporters.JUnitReportReporter -->
<testsuite hostname="Bhavani" failures="0" tests="2" name="com.multicontacttest.MultipleContactTest" time="20.042" errors="0" timestamp="2024-08-14T15:57:15 IST" skipped="0">
  <testcase classname="com.multicontacttest.MultipleContactTest" name="createContact" time="7.157"/>
  <system-out/>
  <testcase classname="com.multicontacttest.MultipleContactTest" name="contactWithOrg" time="12.885"/>
  <system-out/>
</testsuite> <!-- com.multicontacttest.MultipleContactTest -->
